Arguments: 
  U:\Program Files\nodejs\node.exe C:\Users\Aiden\AppData\Roaming\npm\node_modules\yarn\bin\yarn.js publish

PATH: 
  C:\Program Files\Common Files\Oracle\Java\javapath;C:\Program Files\Microsoft\jdk-11.0.16.101-hotspot\bin;U:\Oculus\Support\oculus-runtime;C:\Python311\Scripts\;C:\Python311\;C:\WINDOWS\system32;C:\WINDOWS;C:\WINDOWS\System32\Wbem;C:\WINDOWS\System32\WindowsPowerShell\v1.0\;C:\WINDOWS\System32\OpenSSH\;U:\Program Files\nodejs\;C:\ProgramData\chocolatey\bin;U:\Program Files\Git\cmd;C:\Program Files\Microsoft SQL Server\150\Tools\Binn\;C:\Program Files\Microsoft SQL Server\Client SDK\ODBC\170\Tools\Binn\;C:\Program Files\dotnet\;C:\Program Files (x86)\Incredibuild;C:\Program Files (x86)\GtkSharp\2.12\bin;C:\Users\Aiden\AppData\Local\Microsoft\WindowsApps;C:\Users\Aiden\AppData\Roaming\npm;C:\Users\Aiden\.dotnet\tools

Yarn version: 
  1.22.19

Node version: 
  18.16.0

Platform: 
  win32 x64

Trace: 
  Error: https://registry.yarnpkg.com/-/user/org.couchdb.user:galacticlemonade: failed to authenticate: Could not authenticate galacticlemonade: bad password
      at params.callback [as _callback] (C:\Users\Aiden\AppData\Roaming\npm\node_modules\yarn\lib\cli.js:66145:18)
      at self.callback (C:\Users\Aiden\AppData\Roaming\npm\node_modules\yarn\lib\cli.js:140890:22)
      at Request.emit (node:events:513:28)
      at Request.<anonymous> (C:\Users\Aiden\AppData\Roaming\npm\node_modules\yarn\lib\cli.js:141862:10)
      at Request.emit (node:events:513:28)
      at IncomingMessage.<anonymous> (C:\Users\Aiden\AppData\Roaming\npm\node_modules\yarn\lib\cli.js:141784:12)
      at Object.onceWrapper (node:events:627:28)
      at IncomingMessage.emit (node:events:525:35)
      at endReadableNT (node:internal/streams/readable:1359:12)
      at process.processTicksAndRejections (node:internal/process/task_queues:82:21)

npm manifest: 
  {
    "name": "offlinegameslauncher",
    "version": "1.0.2",
    "description": "Launcher for offline games",
    "main": "main.js",
    "scripts": {
      "run": "electron .",
      "make": "electron-forge make",
      "test": "echo \"Error: no test specified\" && exit 1",
      "start": "electron-forge start",
      "package": "electron-forge package"
    },
    "author": "GalacticLemonade",
    "license": "UNLICENSED",
    "devDependencies": {
      "@electron-forge/cli": "^6.1.1",
      "@electron-forge/maker-deb": "^6.1.1",
      "@electron-forge/maker-rpm": "^6.1.1",
      "@electron-forge/maker-squirrel": "^6.1.1",
      "@electron-forge/maker-zip": "^6.1.1",
      "electron": "^24.1.2"
    },
    "dependencies": {
      "dotenv": "^16.0.3",
      "electron-log": "^4.4.8",
      "electron-squirrel-startup": "^1.0.0",
      "electron-updater": "^5.3.0",
      "yarn": "^1.22.19"
    }
  }

yarn manifest: 
  No manifest

Lockfile: 
  No lockfile
